[1.230s] Invoking command in '/home/berliernj/AMP_MQTT/ros2_rcs/src/race_state_relay': PYTHONPATH=/home/berliernj/AMP_MQTT/ros2_rcs/build/race_state_relay/prefix_override:/home/berliernj/AMP_MQTT/ros2_rcs/install/race_state_relay/lib/python3.8/site-packages:${PYTHONPATH} /usr/bin/python3 setup.py egg_info --egg-base ../../build/race_state_relay build --build-base /home/berliernj/AMP_MQTT/ros2_rcs/build/race_state_relay/build install --record /home/berliernj/AMP_MQTT/ros2_rcs/build/race_state_relay/install.log --install-scripts $base/lib/race_state_relay --single-version-externally-managed
[1.552s] /home/berliernj/.local/lib/python3.8/site-packages/setuptools/dist.py:775: UserWarning: Usage of dash-separated 'script-dir' will not be supported in future versions. Please use the underscore name 'script_dir' instead
[1.552s]   warnings.warn(
[1.670s] running egg_info
[1.671s] creating ../../build/race_state_relay/race_state_relay.egg-info
[1.688s] writing ../../build/race_state_relay/race_state_relay.egg-info/PKG-INFO
[1.689s] writing dependency_links to ../../build/race_state_relay/race_state_relay.egg-info/dependency_links.txt
[1.689s] writing entry points to ../../build/race_state_relay/race_state_relay.egg-info/entry_points.txt
[1.689s] writing requirements to ../../build/race_state_relay/race_state_relay.egg-info/requires.txt
[1.690s] writing top-level names to ../../build/race_state_relay/race_state_relay.egg-info/top_level.txt
[1.691s] writing manifest file '../../build/race_state_relay/race_state_relay.egg-info/SOURCES.txt'
[1.734s] reading manifest file '../../build/race_state_relay/race_state_relay.egg-info/SOURCES.txt'
[1.735s] writing manifest file '../../build/race_state_relay/race_state_relay.egg-info/SOURCES.txt'
[1.735s] running build
[1.735s] running build_py
[1.736s] creating /home/berliernj/AMP_MQTT/ros2_rcs/build/race_state_relay/build
[1.736s] creating /home/berliernj/AMP_MQTT/ros2_rcs/build/race_state_relay/build/lib
[1.736s] creating /home/berliernj/AMP_MQTT/ros2_rcs/build/race_state_relay/build/lib/race_state_relay
[1.736s] copying race_state_relay/rs_relay.py -> /home/berliernj/AMP_MQTT/ros2_rcs/build/race_state_relay/build/lib/race_state_relay
[1.737s] copying race_state_relay/__init__.py -> /home/berliernj/AMP_MQTT/ros2_rcs/build/race_state_relay/build/lib/race_state_relay
[1.737s] running install
[1.737s] /home/berliernj/.local/lib/python3.8/site-packages/setuptools/command/install.py:34: SetuptoolsDeprecationWarning: setup.py install is deprecated. Use build and pip and other standards-based tools.
[1.737s]   warnings.warn(
[1.746s] running install_lib
[1.764s] creating /home/berliernj/AMP_MQTT/ros2_rcs/install/race_state_relay/lib/python3.8/site-packages/race_state_relay
[1.764s] copying /home/berliernj/AMP_MQTT/ros2_rcs/build/race_state_relay/build/lib/race_state_relay/rs_relay.py -> /home/berliernj/AMP_MQTT/ros2_rcs/install/race_state_relay/lib/python3.8/site-packages/race_state_relay
[1.764s] copying /home/berliernj/AMP_MQTT/ros2_rcs/build/race_state_relay/build/lib/race_state_relay/__init__.py -> /home/berliernj/AMP_MQTT/ros2_rcs/install/race_state_relay/lib/python3.8/site-packages/race_state_relay
[1.765s] byte-compiling /home/berliernj/AMP_MQTT/ros2_rcs/install/race_state_relay/lib/python3.8/site-packages/race_state_relay/rs_relay.py to rs_relay.cpython-38.pyc
[1.766s] byte-compiling /home/berliernj/AMP_MQTT/ros2_rcs/install/race_state_relay/lib/python3.8/site-packages/race_state_relay/__init__.py to __init__.cpython-38.pyc
[1.766s] running install_data
[1.792s] creating /home/berliernj/AMP_MQTT/ros2_rcs/install/race_state_relay/share/ament_index
[1.793s] creating /home/berliernj/AMP_MQTT/ros2_rcs/install/race_state_relay/share/ament_index/resource_index
[1.793s] creating /home/berliernj/AMP_MQTT/ros2_rcs/install/race_state_relay/share/ament_index/resource_index/packages
[1.793s] copying resource/race_state_relay -> /home/berliernj/AMP_MQTT/ros2_rcs/install/race_state_relay/share/ament_index/resource_index/packages
[1.794s] copying package.xml -> /home/berliernj/AMP_MQTT/ros2_rcs/install/race_state_relay/share/race_state_relay
[1.794s] running install_egg_info
[1.812s] Copying ../../build/race_state_relay/race_state_relay.egg-info to /home/berliernj/AMP_MQTT/ros2_rcs/install/race_state_relay/lib/python3.8/site-packages/race_state_relay-0.0.0-py3.8.egg-info
[1.814s] running install_scripts
[1.904s] Installing rs_relay script to /home/berliernj/AMP_MQTT/ros2_rcs/install/race_state_relay/lib/race_state_relay
[1.905s] writing list of installed files to '/home/berliernj/AMP_MQTT/ros2_rcs/build/race_state_relay/install.log'
[1.947s] Invoked command in '/home/berliernj/AMP_MQTT/ros2_rcs/src/race_state_relay' returned '0': PYTHONPATH=/home/berliernj/AMP_MQTT/ros2_rcs/build/race_state_relay/prefix_override:/home/berliernj/AMP_MQTT/ros2_rcs/install/race_state_relay/lib/python3.8/site-packages:${PYTHONPATH} /usr/bin/python3 setup.py egg_info --egg-base ../../build/race_state_relay build --build-base /home/berliernj/AMP_MQTT/ros2_rcs/build/race_state_relay/build install --record /home/berliernj/AMP_MQTT/ros2_rcs/build/race_state_relay/install.log --install-scripts $base/lib/race_state_relay --single-version-externally-managed
