[0.942s] Invoking command in '/home/berliernj/AMP_MQTT/ros2_rcs/src/race_state_relay': PYTHONPATH=/home/berliernj/AMP_MQTT/ros2_rcs/src/race_state_relay/build/race_state_relay/prefix_override:/home/berliernj/AMP_MQTT/ros2_rcs/src/race_state_relay/install/race_state_relay/lib/python3.8/site-packages:${PYTHONPATH} /usr/bin/python3 setup.py egg_info --egg-base build/race_state_relay build --build-base /home/berliernj/AMP_MQTT/ros2_rcs/src/race_state_relay/build/race_state_relay/build install --record /home/berliernj/AMP_MQTT/ros2_rcs/src/race_state_relay/build/race_state_relay/install.log --install-scripts $base/lib/race_state_relay --single-version-externally-managed
[1.244s] running egg_info
[1.245s] writing build/race_state_relay/race_state_relay.egg-info/PKG-INFO
[1.245s] writing dependency_links to build/race_state_relay/race_state_relay.egg-info/dependency_links.txt
[1.246s] writing entry points to build/race_state_relay/race_state_relay.egg-info/entry_points.txt
[1.246s] writing requirements to build/race_state_relay/race_state_relay.egg-info/requires.txt
[1.246s] writing top-level names to build/race_state_relay/race_state_relay.egg-info/top_level.txt
[1.294s] reading manifest file 'build/race_state_relay/race_state_relay.egg-info/SOURCES.txt'
[1.296s] writing manifest file 'build/race_state_relay/race_state_relay.egg-info/SOURCES.txt'
[1.296s] running build
[1.296s] running build_py
[1.296s] running install
[1.297s] running install_lib
[1.299s] running install_data
[1.300s] running install_egg_info
[1.302s] removing '/home/berliernj/AMP_MQTT/ros2_rcs/src/race_state_relay/install/race_state_relay/lib/python3.8/site-packages/race_state_relay-0.0.0-py3.8.egg-info' (and everything under it)
[1.303s] Copying build/race_state_relay/race_state_relay.egg-info to /home/berliernj/AMP_MQTT/ros2_rcs/src/race_state_relay/install/race_state_relay/lib/python3.8/site-packages/race_state_relay-0.0.0-py3.8.egg-info
[1.304s] running install_scripts
[1.326s] Installing RS_relay script to /home/berliernj/AMP_MQTT/ros2_rcs/src/race_state_relay/install/race_state_relay/lib/race_state_relay
[1.326s] writing list of installed files to '/home/berliernj/AMP_MQTT/ros2_rcs/src/race_state_relay/build/race_state_relay/install.log'
[1.358s] Invoked command in '/home/berliernj/AMP_MQTT/ros2_rcs/src/race_state_relay' returned '0': PYTHONPATH=/home/berliernj/AMP_MQTT/ros2_rcs/src/race_state_relay/build/race_state_relay/prefix_override:/home/berliernj/AMP_MQTT/ros2_rcs/src/race_state_relay/install/race_state_relay/lib/python3.8/site-packages:${PYTHONPATH} /usr/bin/python3 setup.py egg_info --egg-base build/race_state_relay build --build-base /home/berliernj/AMP_MQTT/ros2_rcs/src/race_state_relay/build/race_state_relay/build install --record /home/berliernj/AMP_MQTT/ros2_rcs/src/race_state_relay/build/race_state_relay/install.log --install-scripts $base/lib/race_state_relay --single-version-externally-managed
