[1.018s] Invoking command in '/home/berliernj/AMP_MQTT/ros2_rcs/src/race_state_relay': PYTHONPATH=/home/berliernj/AMP_MQTT/ros2_rcs/src/race_state_relay/build/race_state_relay/prefix_override:/home/berliernj/AMP_MQTT/ros2_rcs/src/race_state_relay/install/race_state_relay/lib/python3.8/site-packages:${PYTHONPATH} /usr/bin/python3 setup.py egg_info --egg-base build/race_state_relay build --build-base /home/berliernj/AMP_MQTT/ros2_rcs/src/race_state_relay/build/race_state_relay/build install --record /home/berliernj/AMP_MQTT/ros2_rcs/src/race_state_relay/build/race_state_relay/install.log --install-scripts $base/lib/race_state_relay --single-version-externally-managed
[1.338s] running egg_info
[1.341s] writing build/race_state_relay/race_state_relay.egg-info/PKG-INFO
[1.342s] writing dependency_links to build/race_state_relay/race_state_relay.egg-info/dependency_links.txt
[1.342s] writing entry points to build/race_state_relay/race_state_relay.egg-info/entry_points.txt
[1.342s] writing requirements to build/race_state_relay/race_state_relay.egg-info/requires.txt
[1.342s] writing top-level names to build/race_state_relay/race_state_relay.egg-info/top_level.txt
[1.395s] reading manifest file 'build/race_state_relay/race_state_relay.egg-info/SOURCES.txt'
[1.396s] writing manifest file 'build/race_state_relay/race_state_relay.egg-info/SOURCES.txt'
[1.396s] running build
[1.397s] running build_py
[1.397s] copying race_state_relay/RS_relay.py -> /home/berliernj/AMP_MQTT/ros2_rcs/src/race_state_relay/build/race_state_relay/build/lib/race_state_relay
[1.397s] running install
[1.398s] running install_lib
[1.399s] copying /home/berliernj/AMP_MQTT/ros2_rcs/src/race_state_relay/build/race_state_relay/build/lib/race_state_relay/RS_relay.py -> /home/berliernj/AMP_MQTT/ros2_rcs/src/race_state_relay/install/race_state_relay/lib/python3.8/site-packages/race_state_relay
[1.400s] byte-compiling /home/berliernj/AMP_MQTT/ros2_rcs/src/race_state_relay/install/race_state_relay/lib/python3.8/site-packages/race_state_relay/RS_relay.py to RS_relay.cpython-38.pyc
[1.402s] running install_data
[1.403s] running install_egg_info
[1.405s] removing '/home/berliernj/AMP_MQTT/ros2_rcs/src/race_state_relay/install/race_state_relay/lib/python3.8/site-packages/race_state_relay-0.0.0-py3.8.egg-info' (and everything under it)
[1.405s] Copying build/race_state_relay/race_state_relay.egg-info to /home/berliernj/AMP_MQTT/ros2_rcs/src/race_state_relay/install/race_state_relay/lib/python3.8/site-packages/race_state_relay-0.0.0-py3.8.egg-info
[1.407s] running install_scripts
[1.429s] Installing RS_relay script to /home/berliernj/AMP_MQTT/ros2_rcs/src/race_state_relay/install/race_state_relay/lib/race_state_relay
[1.429s] writing list of installed files to '/home/berliernj/AMP_MQTT/ros2_rcs/src/race_state_relay/build/race_state_relay/install.log'
[1.462s] Invoked command in '/home/berliernj/AMP_MQTT/ros2_rcs/src/race_state_relay' returned '0': PYTHONPATH=/home/berliernj/AMP_MQTT/ros2_rcs/src/race_state_relay/build/race_state_relay/prefix_override:/home/berliernj/AMP_MQTT/ros2_rcs/src/race_state_relay/install/race_state_relay/lib/python3.8/site-packages:${PYTHONPATH} /usr/bin/python3 setup.py egg_info --egg-base build/race_state_relay build --build-base /home/berliernj/AMP_MQTT/ros2_rcs/src/race_state_relay/build/race_state_relay/build install --record /home/berliernj/AMP_MQTT/ros2_rcs/src/race_state_relay/build/race_state_relay/install.log --install-scripts $base/lib/race_state_relay --single-version-externally-managed
