[0.207s] DEBUG:colcon:Command line arguments: ['/usr/bin/colcon', 'build']
[0.208s] DEBUG:colcon:Parsed command line arguments: Namespace(allow_overriding=[], ament_cmake_args=None, base_paths=['.'], build_base='build', catkin_cmake_args=None, catkin_skip_building_tests=False, cmake_args=None, cmake_clean_cache=False, cmake_clean_first=False, cmake_force_configure=False, cmake_target=None, cmake_target_skip_unavailable=False, continue_on_error=False, event_handlers=None, executor='parallel', ignore_user_meta=False, install_base='install', log_base=None, log_level=None, main=<bound method BuildVerb.main of <colcon_core.verb.build.BuildVerb object at 0x7f1c3ea4e970>>, merge_install=False, metas=['./colcon.meta'], packages_above=None, packages_above_and_dependencies=None, packages_above_depth=None, packages_end=None, packages_ignore=None, packages_ignore_regex=None, packages_select=None, packages_select_build_failed=False, packages_select_by_dep=None, packages_select_regex=None, packages_select_test_failures=False, packages_skip=None, packages_skip_build_finished=False, packages_skip_by_dep=None, packages_skip_regex=None, packages_skip_test_passed=False, packages_skip_up_to=None, packages_start=None, packages_up_to=None, packages_up_to_regex=None, parallel_workers=4, paths=None, symlink_install=False, test_result_base=None, verb_extension=<colcon_core.verb.build.BuildVerb object at 0x7f1c3ea4e970>, verb_name='build', verb_parser=<colcon_defaults.argument_parser.defaults.DefaultArgumentsDecorator object at 0x7f1c3ea4eee0>)
[0.246s] Level 1:colcon.colcon_core.package_discovery:discover_packages(colcon_meta) check parameters
[0.246s] Level 1:colcon.colcon_core.package_discovery:discover_packages(recursive) check parameters
[0.246s] Level 1:colcon.colcon_core.package_discovery:discover_packages(ignore) check parameters
[0.246s] Level 1:colcon.colcon_core.package_discovery:discover_packages(path) check parameters
[0.246s] Level 1:colcon.colcon_core.package_discovery:discover_packages(colcon_meta) discover
[0.246s] Level 1:colcon.colcon_core.package_discovery:discover_packages(recursive) discover
[0.247s] INFO:colcon.colcon_core.package_discovery:Crawling recursively for packages in '/home/berliernj/AMP_MQTT/ros2_rcs/src'
[0.247s] Level 1:colcon.colcon_core.package_identification:_identify(.) by extensions ['ignore', 'ignore_ament_install']
[0.247s] Level 1:colcon.colcon_core.package_identification:_identify(.) by extension 'ignore'
[0.247s] Level 1:colcon.colcon_core.package_identification:_identify(.) by extension 'ignore_ament_install'
[0.247s] Level 1:colcon.colcon_core.package_identification:_identify(.) by extensions ['colcon_pkg']
[0.247s] Level 1:colcon.colcon_core.package_identification:_identify(.) by extension 'colcon_pkg'
[0.247s] Level 1:colcon.colcon_core.package_identification:_identify(.) by extensions ['colcon_meta']
[0.247s] Level 1:colcon.colcon_core.package_identification:_identify(.) by extension 'colcon_meta'
[0.247s] Level 1:colcon.colcon_core.package_identification:_identify(.) by extensions ['ros']
[0.247s] Level 1:colcon.colcon_core.package_identification:_identify(.) by extension 'ros'
[0.263s] Level 1:colcon.colcon_core.package_identification:_identify(.) by extensions ['cmake', 'python']
[0.263s] Level 1:colcon.colcon_core.package_identification:_identify(.) by extension 'cmake'
[0.263s] Level 1:colcon.colcon_core.package_identification:_identify(.) by extension 'python'
[0.263s] Level 1:colcon.colcon_core.package_identification:_identify(.) by extensions ['python_setup_py']
[0.263s] Level 1:colcon.colcon_core.package_identification:_identify(.) by extension 'python_setup_py'
[0.263s] Level 1:colcon.colcon_core.package_identification:_identify(build) by extensions ['ignore', 'ignore_ament_install']
[0.263s] Level 1:colcon.colcon_core.package_identification:_identify(build) by extension 'ignore'
[0.263s] Level 1:colcon.colcon_core.package_identification:_identify(build) ignored
[0.263s] Level 1:colcon.colcon_core.package_identification:_identify(install) by extensions ['ignore', 'ignore_ament_install']
[0.264s] Level 1:colcon.colcon_core.package_identification:_identify(install) by extension 'ignore'
[0.264s] Level 1:colcon.colcon_core.package_identification:_identify(install) ignored
[0.264s] Level 1:colcon.colcon_core.package_identification:_identify(log) by extensions ['ignore', 'ignore_ament_install']
[0.264s] Level 1:colcon.colcon_core.package_identification:_identify(log) by extension 'ignore'
[0.264s] Level 1:colcon.colcon_core.package_identification:_identify(log) ignored
[0.264s] Level 1:colcon.colcon_core.package_identification:_identify(race_state_relay) by extensions ['ignore', 'ignore_ament_install']
[0.264s] Level 1:colcon.colcon_core.package_identification:_identify(race_state_relay) by extension 'ignore'
[0.264s] Level 1:colcon.colcon_core.package_identification:_identify(race_state_relay) by extension 'ignore_ament_install'
[0.264s] Level 1:colcon.colcon_core.package_identification:_identify(race_state_relay) by extensions ['colcon_pkg']
[0.264s] Level 1:colcon.colcon_core.package_identification:_identify(race_state_relay) by extension 'colcon_pkg'
[0.265s] Level 1:colcon.colcon_core.package_identification:_identify(race_state_relay) by extensions ['colcon_meta']
[0.265s] Level 1:colcon.colcon_core.package_identification:_identify(race_state_relay) by extension 'colcon_meta'
[0.265s] Level 1:colcon.colcon_core.package_identification:_identify(race_state_relay) by extensions ['ros']
[0.265s] Level 1:colcon.colcon_core.package_identification:_identify(race_state_relay) by extension 'ros'
[0.268s] DEBUG:colcon.colcon_core.package_identification:Package 'race_state_relay' with type 'ros.ament_python' and name 'race_state_relay'
[0.268s] Level 1:colcon.colcon_core.package_discovery:discover_packages(recursive) using defaults
[0.268s] Level 1:colcon.colcon_core.package_discovery:discover_packages(ignore) discover
[0.268s] Level 1:colcon.colcon_core.package_discovery:discover_packages(ignore) using defaults
[0.268s] Level 1:colcon.colcon_core.package_discovery:discover_packages(path) discover
[0.268s] Level 1:colcon.colcon_core.package_discovery:discover_packages(path) using defaults
[0.307s] Level 1:colcon.colcon_core.package_discovery:discover_packages(prefix_path) check parameters
[0.307s] Level 1:colcon.colcon_core.package_discovery:discover_packages(prefix_path) discover
[0.312s] DEBUG:colcon.colcon_installed_package_information.package_discovery:Found 263 installed packages in /opt/ros/foxy
[0.314s] Level 1:colcon.colcon_core.package_discovery:discover_packages(prefix_path) using defaults
[0.423s] Level 5:colcon.colcon_core.verb:set package 'race_state_relay' build argument 'cmake_args' from command line to 'None'
[0.423s] Level 5:colcon.colcon_core.verb:set package 'race_state_relay' build argument 'cmake_target' from command line to 'None'
[0.423s] Level 5:colcon.colcon_core.verb:set package 'race_state_relay' build argument 'cmake_target_skip_unavailable' from command line to 'False'
[0.423s] Level 5:colcon.colcon_core.verb:set package 'race_state_relay' build argument 'cmake_clean_cache' from command line to 'False'
[0.423s] Level 5:colcon.colcon_core.verb:set package 'race_state_relay' build argument 'cmake_clean_first' from command line to 'False'
[0.423s] Level 5:colcon.colcon_core.verb:set package 'race_state_relay' build argument 'cmake_force_configure' from command line to 'False'
[0.423s] Level 5:colcon.colcon_core.verb:set package 'race_state_relay' build argument 'ament_cmake_args' from command line to 'None'
[0.423s] Level 5:colcon.colcon_core.verb:set package 'race_state_relay' build argument 'catkin_cmake_args' from command line to 'None'
[0.423s] Level 5:colcon.colcon_core.verb:set package 'race_state_relay' build argument 'catkin_skip_building_tests' from command line to 'False'
[0.423s] DEBUG:colcon.colcon_core.verb:Building package 'race_state_relay' with the following arguments: {'ament_cmake_args': None, 'build_base': '/home/berliernj/AMP_MQTT/ros2_rcs/src/build/race_state_relay', 'catkin_cmake_args': None, 'catkin_skip_building_tests': False, 'cmake_args': None, 'cmake_clean_cache': False, 'cmake_clean_first': False, 'cmake_force_configure': False, 'cmake_target': None, 'cmake_target_skip_unavailable': False, 'install_base': '/home/berliernj/AMP_MQTT/ros2_rcs/src/install/race_state_relay', 'merge_install': False, 'path': '/home/berliernj/AMP_MQTT/ros2_rcs/src/race_state_relay', 'symlink_install': False, 'test_result_base': None}
[0.424s] INFO:colcon.colcon_core.executor:Executing jobs using 'parallel' executor
[0.432s] DEBUG:colcon.colcon_parallel_executor.executor.parallel:run_until_complete
[0.433s] INFO:colcon.colcon_ros.task.ament_python.build:Building ROS package in '/home/berliernj/AMP_MQTT/ros2_rcs/src/race_state_relay' with build type 'ament_python'
[0.433s] Level 1:colcon.colcon_core.shell:create_environment_hook('race_state_relay', 'ament_prefix_path')
[0.440s] INFO:colcon.colcon_core.plugin_system:Skipping extension 'colcon_core.shell.bat': Not used on non-Windows systems
[0.440s] INFO:colcon.colcon_core.shell:Creating environment hook '/home/berliernj/AMP_MQTT/ros2_rcs/src/install/race_state_relay/share/race_state_relay/hook/ament_prefix_path.ps1'
[0.441s] INFO:colcon.colcon_core.shell:Creating environment descriptor '/home/berliernj/AMP_MQTT/ros2_rcs/src/install/race_state_relay/share/race_state_relay/hook/ament_prefix_path.dsv'
[0.442s] INFO:colcon.colcon_core.shell:Creating environment hook '/home/berliernj/AMP_MQTT/ros2_rcs/src/install/race_state_relay/share/race_state_relay/hook/ament_prefix_path.sh'
[0.444s] INFO:colcon.colcon_core.shell:Skip shell extension 'powershell' for command environment: Not usable outside of PowerShell
[0.445s] DEBUG:colcon.colcon_core.shell:Skip shell extension 'dsv' for command environment
[0.767s] INFO:colcon.colcon_core.task.python.build:Building Python package in '/home/berliernj/AMP_MQTT/ros2_rcs/src/race_state_relay'
[0.773s] INFO:colcon.colcon_core.shell:Skip shell extension 'powershell' for command environment: Not usable outside of PowerShell
[0.773s] DEBUG:colcon.colcon_core.shell:Skip shell extension 'dsv' for command environment
[1.326s] DEBUG:colcon.colcon_core.event_handler.log_command:Invoking command in '/home/berliernj/AMP_MQTT/ros2_rcs/src/race_state_relay': PYTHONPATH=/home/berliernj/AMP_MQTT/ros2_rcs/src/build/race_state_relay/prefix_override:/home/berliernj/AMP_MQTT/ros2_rcs/src/install/race_state_relay/lib/python3.8/site-packages:${PYTHONPATH} /usr/bin/python3 setup.py egg_info --egg-base ../build/race_state_relay build --build-base /home/berliernj/AMP_MQTT/ros2_rcs/src/build/race_state_relay/build install --record /home/berliernj/AMP_MQTT/ros2_rcs/src/build/race_state_relay/install.log --install-scripts $base/lib/race_state_relay --single-version-externally-managed
[1.739s] DEBUG:colcon.colcon_core.event_handler.log_command:Invoked command in '/home/berliernj/AMP_MQTT/ros2_rcs/src/race_state_relay' returned '0': PYTHONPATH=/home/berliernj/AMP_MQTT/ros2_rcs/src/build/race_state_relay/prefix_override:/home/berliernj/AMP_MQTT/ros2_rcs/src/install/race_state_relay/lib/python3.8/site-packages:${PYTHONPATH} /usr/bin/python3 setup.py egg_info --egg-base ../build/race_state_relay build --build-base /home/berliernj/AMP_MQTT/ros2_rcs/src/build/race_state_relay/build install --record /home/berliernj/AMP_MQTT/ros2_rcs/src/build/race_state_relay/install.log --install-scripts $base/lib/race_state_relay --single-version-externally-managed
[1.750s] Level 1:colcon.colcon_core.environment:checking '/home/berliernj/AMP_MQTT/ros2_rcs/src/install/race_state_relay' for CMake module files
[1.750s] Level 1:colcon.colcon_core.environment:checking '/home/berliernj/AMP_MQTT/ros2_rcs/src/install/race_state_relay' for CMake config files
[1.751s] Level 1:colcon.colcon_core.environment:checking '/home/berliernj/AMP_MQTT/ros2_rcs/src/install/race_state_relay/lib'
[1.751s] Level 1:colcon.colcon_core.environment:checking '/home/berliernj/AMP_MQTT/ros2_rcs/src/install/race_state_relay/bin'
[1.752s] Level 1:colcon.colcon_core.environment:checking '/home/berliernj/AMP_MQTT/ros2_rcs/src/install/race_state_relay/lib/pkgconfig/race_state_relay.pc'
[1.752s] Level 1:colcon.colcon_core.environment:checking '/home/berliernj/AMP_MQTT/ros2_rcs/src/install/race_state_relay/lib/python3.8/site-packages'
[1.752s] Level 1:colcon.colcon_core.shell:create_environment_hook('race_state_relay', 'pythonpath')
[1.754s] INFO:colcon.colcon_core.shell:Creating environment hook '/home/berliernj/AMP_MQTT/ros2_rcs/src/install/race_state_relay/share/race_state_relay/hook/pythonpath.ps1'
[1.755s] INFO:colcon.colcon_core.shell:Creating environment descriptor '/home/berliernj/AMP_MQTT/ros2_rcs/src/install/race_state_relay/share/race_state_relay/hook/pythonpath.dsv'
[1.755s] INFO:colcon.colcon_core.shell:Creating environment hook '/home/berliernj/AMP_MQTT/ros2_rcs/src/install/race_state_relay/share/race_state_relay/hook/pythonpath.sh'
[1.756s] Level 1:colcon.colcon_core.environment:checking '/home/berliernj/AMP_MQTT/ros2_rcs/src/install/race_state_relay/bin'
[1.756s] Level 1:colcon.colcon_core.environment:create_environment_scripts_only(race_state_relay)
[1.758s] INFO:colcon.colcon_core.shell:Creating package script '/home/berliernj/AMP_MQTT/ros2_rcs/src/install/race_state_relay/share/race_state_relay/package.ps1'
[1.760s] INFO:colcon.colcon_core.shell:Creating package descriptor '/home/berliernj/AMP_MQTT/ros2_rcs/src/install/race_state_relay/share/race_state_relay/package.dsv'
[1.761s] INFO:colcon.colcon_core.shell:Creating package script '/home/berliernj/AMP_MQTT/ros2_rcs/src/install/race_state_relay/share/race_state_relay/package.sh'
[1.762s] INFO:colcon.colcon_core.shell:Creating package script '/home/berliernj/AMP_MQTT/ros2_rcs/src/install/race_state_relay/share/race_state_relay/package.bash'
[1.763s] INFO:colcon.colcon_core.shell:Creating package script '/home/berliernj/AMP_MQTT/ros2_rcs/src/install/race_state_relay/share/race_state_relay/package.zsh'
[1.764s] Level 1:colcon.colcon_core.environment:create_file_with_runtime_dependencies(/home/berliernj/AMP_MQTT/ros2_rcs/src/install/race_state_relay/share/colcon-core/packages/race_state_relay)
[1.765s] DEBUG:colcon.colcon_parallel_executor.executor.parallel:closing loop
[1.765s] DEBUG:colcon.colcon_parallel_executor.executor.parallel:loop closed
[1.766s] DEBUG:colcon.colcon_parallel_executor.executor.parallel:run_until_complete finished with '0'
[1.766s] DEBUG:colcon.colcon_core.event_reactor:joining thread
[1.775s] INFO:colcon.colcon_core.plugin_system:Skipping extension 'colcon_notification.desktop_notification.terminal_notifier': Not used on non-Darwin systems
[1.775s] INFO:colcon.colcon_core.plugin_system:Skipping extension 'colcon_notification.desktop_notification.win32': Not used on non-Windows systems
[1.775s] INFO:colcon.colcon_notification.desktop_notification:Sending desktop notification using 'notify2'
[1.808s] DEBUG:colcon.colcon_core.event_reactor:joined thread
[1.811s] INFO:colcon.colcon_core.shell:Creating prefix script '/home/berliernj/AMP_MQTT/ros2_rcs/src/install/local_setup.ps1'
[1.812s] INFO:colcon.colcon_core.shell:Creating prefix util module '/home/berliernj/AMP_MQTT/ros2_rcs/src/install/_local_setup_util_ps1.py'
[1.814s] INFO:colcon.colcon_core.shell:Creating prefix chain script '/home/berliernj/AMP_MQTT/ros2_rcs/src/install/setup.ps1'
[1.817s] INFO:colcon.colcon_core.shell:Creating prefix script '/home/berliernj/AMP_MQTT/ros2_rcs/src/install/local_setup.sh'
[1.819s] INFO:colcon.colcon_core.shell:Creating prefix util module '/home/berliernj/AMP_MQTT/ros2_rcs/src/install/_local_setup_util_sh.py'
[1.820s] INFO:colcon.colcon_core.shell:Creating prefix chain script '/home/berliernj/AMP_MQTT/ros2_rcs/src/install/setup.sh'
[1.822s] INFO:colcon.colcon_core.shell:Creating prefix script '/home/berliernj/AMP_MQTT/ros2_rcs/src/install/local_setup.bash'
[1.822s] INFO:colcon.colcon_core.shell:Creating prefix chain script '/home/berliernj/AMP_MQTT/ros2_rcs/src/install/setup.bash'
[1.825s] INFO:colcon.colcon_core.shell:Creating prefix script '/home/berliernj/AMP_MQTT/ros2_rcs/src/install/local_setup.zsh'
[1.826s] INFO:colcon.colcon_core.shell:Creating prefix chain script '/home/berliernj/AMP_MQTT/ros2_rcs/src/install/setup.zsh'
