[0.919s] Invoking command in '/home/berliernj/AMP_MQTT/ros2_rcs/src/race_state_relay': PYTHONPATH=/home/berliernj/AMP_MQTT/ros2_rcs/build/race_state_relay/prefix_override:/home/berliernj/AMP_MQTT/ros2_rcs/install/race_state_relay/lib/python3.8/site-packages:${PYTHONPATH} /usr/bin/python3 setup.py egg_info --egg-base ../../build/race_state_relay build --build-base /home/berliernj/AMP_MQTT/ros2_rcs/build/race_state_relay/build install --record /home/berliernj/AMP_MQTT/ros2_rcs/build/race_state_relay/install.log --install-scripts $base/lib/race_state_relay --single-version-externally-managed
[1.226s] running egg_info
[1.226s] writing ../../build/race_state_relay/race_state_relay.egg-info/PKG-INFO
[1.227s] writing dependency_links to ../../build/race_state_relay/race_state_relay.egg-info/dependency_links.txt
[1.227s] writing entry points to ../../build/race_state_relay/race_state_relay.egg-info/entry_points.txt
[1.227s] writing requirements to ../../build/race_state_relay/race_state_relay.egg-info/requires.txt
[1.227s] writing top-level names to ../../build/race_state_relay/race_state_relay.egg-info/top_level.txt
[1.283s] reading manifest file '../../build/race_state_relay/race_state_relay.egg-info/SOURCES.txt'
[1.285s] writing manifest file '../../build/race_state_relay/race_state_relay.egg-info/SOURCES.txt'
[1.285s] running build
[1.285s] running build_py
[1.285s] running install
[1.286s] running install_lib
[1.288s] running install_data
[1.289s] running install_egg_info
[1.291s] removing '/home/berliernj/AMP_MQTT/ros2_rcs/install/race_state_relay/lib/python3.8/site-packages/race_state_relay-0.0.0-py3.8.egg-info' (and everything under it)
[1.291s] Copying ../../build/race_state_relay/race_state_relay.egg-info to /home/berliernj/AMP_MQTT/ros2_rcs/install/race_state_relay/lib/python3.8/site-packages/race_state_relay-0.0.0-py3.8.egg-info
[1.293s] running install_scripts
[1.322s] Installing rs_relay script to /home/berliernj/AMP_MQTT/ros2_rcs/install/race_state_relay/lib/race_state_relay
[1.322s] writing list of installed files to '/home/berliernj/AMP_MQTT/ros2_rcs/build/race_state_relay/install.log'
[1.355s] Invoked command in '/home/berliernj/AMP_MQTT/ros2_rcs/src/race_state_relay' returned '0': PYTHONPATH=/home/berliernj/AMP_MQTT/ros2_rcs/build/race_state_relay/prefix_override:/home/berliernj/AMP_MQTT/ros2_rcs/install/race_state_relay/lib/python3.8/site-packages:${PYTHONPATH} /usr/bin/python3 setup.py egg_info --egg-base ../../build/race_state_relay build --build-base /home/berliernj/AMP_MQTT/ros2_rcs/build/race_state_relay/build install --record /home/berliernj/AMP_MQTT/ros2_rcs/build/race_state_relay/install.log --install-scripts $base/lib/race_state_relay --single-version-externally-managed
