[0.202s] DEBUG:colcon:Command line arguments: ['/usr/bin/colcon', 'build']
[0.202s] DEBUG:colcon:Parsed command line arguments: Namespace(allow_overriding=[], ament_cmake_args=None, base_paths=['.'], build_base='build', catkin_cmake_args=None, catkin_skip_building_tests=False, cmake_args=None, cmake_clean_cache=False, cmake_clean_first=False, cmake_force_configure=False, cmake_target=None, cmake_target_skip_unavailable=False, continue_on_error=False, event_handlers=None, executor='parallel', ignore_user_meta=False, install_base='install', log_base=None, log_level=None, main=<bound method BuildVerb.main of <colcon_core.verb.build.BuildVerb object at 0x7f217661dac0>>, merge_install=False, metas=['./colcon.meta'], packages_above=None, packages_above_and_dependencies=None, packages_above_depth=None, packages_end=None, packages_ignore=None, packages_ignore_regex=None, packages_select=None, packages_select_build_failed=False, packages_select_by_dep=None, packages_select_regex=None, packages_select_test_failures=False, packages_skip=None, packages_skip_build_finished=False, packages_skip_by_dep=None, packages_skip_regex=None, packages_skip_test_passed=False, packages_skip_up_to=None, packages_start=None, packages_up_to=None, packages_up_to_regex=None, parallel_workers=4, paths=None, symlink_install=False, test_result_base=None, verb_extension=<colcon_core.verb.build.BuildVerb object at 0x7f217661dac0>, verb_name='build', verb_parser=<colcon_defaults.argument_parser.defaults.DefaultArgumentsDecorator object at 0x7f21765a6070>)
[0.235s] Level 1:colcon.colcon_core.package_discovery:discover_packages(colcon_meta) check parameters
[0.235s] Level 1:colcon.colcon_core.package_discovery:discover_packages(recursive) check parameters
[0.235s] Level 1:colcon.colcon_core.package_discovery:discover_packages(ignore) check parameters
[0.235s] Level 1:colcon.colcon_core.package_discovery:discover_packages(path) check parameters
[0.235s] Level 1:colcon.colcon_core.package_discovery:discover_packages(colcon_meta) discover
[0.235s] Level 1:colcon.colcon_core.package_discovery:discover_packages(recursive) discover
[0.235s] INFO:colcon.colcon_core.package_discovery:Crawling recursively for packages in '/home/berliernj/AMP_MQTT/ros2_rcs/src/race_state_relay'
[0.235s] Level 1:colcon.colcon_core.package_identification:_identify(.) by extensions ['ignore', 'ignore_ament_install']
[0.236s] Level 1:colcon.colcon_core.package_identification:_identify(.) by extension 'ignore'
[0.236s] Level 1:colcon.colcon_core.package_identification:_identify(.) by extension 'ignore_ament_install'
[0.236s] Level 1:colcon.colcon_core.package_identification:_identify(.) by extensions ['colcon_pkg']
[0.236s] Level 1:colcon.colcon_core.package_identification:_identify(.) by extension 'colcon_pkg'
[0.236s] Level 1:colcon.colcon_core.package_identification:_identify(.) by extensions ['colcon_meta']
[0.236s] Level 1:colcon.colcon_core.package_identification:_identify(.) by extension 'colcon_meta'
[0.236s] Level 1:colcon.colcon_core.package_identification:_identify(.) by extensions ['ros']
[0.236s] Level 1:colcon.colcon_core.package_identification:_identify(.) by extension 'ros'
[0.253s] DEBUG:colcon.colcon_core.package_identification:Package '.' with type 'ros.ament_python' and name 'race_state_relay'
[0.253s] Level 1:colcon.colcon_core.package_discovery:discover_packages(recursive) using defaults
[0.253s] Level 1:colcon.colcon_core.package_discovery:discover_packages(ignore) discover
[0.254s] Level 1:colcon.colcon_core.package_discovery:discover_packages(ignore) using defaults
[0.254s] Level 1:colcon.colcon_core.package_discovery:discover_packages(path) discover
[0.254s] Level 1:colcon.colcon_core.package_discovery:discover_packages(path) using defaults
[0.294s] Level 1:colcon.colcon_core.package_discovery:discover_packages(prefix_path) check parameters
[0.294s] Level 1:colcon.colcon_core.package_discovery:discover_packages(prefix_path) discover
[0.297s] DEBUG:colcon.colcon_installed_package_information.package_discovery:Found 1 installed packages in /home/berliernj/AMP_MQTT/ros2_rcs/src/race_state_relay/install
[0.300s] DEBUG:colcon.colcon_installed_package_information.package_discovery:Found 263 installed packages in /opt/ros/foxy
[0.302s] Level 1:colcon.colcon_core.package_discovery:discover_packages(prefix_path) using defaults
[0.402s] Level 5:colcon.colcon_core.verb:set package 'race_state_relay' build argument 'cmake_args' from command line to 'None'
[0.402s] Level 5:colcon.colcon_core.verb:set package 'race_state_relay' build argument 'cmake_target' from command line to 'None'
[0.402s] Level 5:colcon.colcon_core.verb:set package 'race_state_relay' build argument 'cmake_target_skip_unavailable' from command line to 'False'
[0.402s] Level 5:colcon.colcon_core.verb:set package 'race_state_relay' build argument 'cmake_clean_cache' from command line to 'False'
[0.402s] Level 5:colcon.colcon_core.verb:set package 'race_state_relay' build argument 'cmake_clean_first' from command line to 'False'
[0.402s] Level 5:colcon.colcon_core.verb:set package 'race_state_relay' build argument 'cmake_force_configure' from command line to 'False'
[0.402s] Level 5:colcon.colcon_core.verb:set package 'race_state_relay' build argument 'ament_cmake_args' from command line to 'None'
[0.402s] Level 5:colcon.colcon_core.verb:set package 'race_state_relay' build argument 'catkin_cmake_args' from command line to 'None'
[0.402s] Level 5:colcon.colcon_core.verb:set package 'race_state_relay' build argument 'catkin_skip_building_tests' from command line to 'False'
[0.402s] DEBUG:colcon.colcon_core.verb:Building package 'race_state_relay' with the following arguments: {'ament_cmake_args': None, 'build_base': '/home/berliernj/AMP_MQTT/ros2_rcs/src/race_state_relay/build/race_state_relay', 'catkin_cmake_args': None, 'catkin_skip_building_tests': False, 'cmake_args': None, 'cmake_clean_cache': False, 'cmake_clean_first': False, 'cmake_force_configure': False, 'cmake_target': None, 'cmake_target_skip_unavailable': False, 'install_base': '/home/berliernj/AMP_MQTT/ros2_rcs/src/race_state_relay/install/race_state_relay', 'merge_install': False, 'path': '/home/berliernj/AMP_MQTT/ros2_rcs/src/race_state_relay', 'symlink_install': False, 'test_result_base': None}
[0.403s] INFO:colcon.colcon_core.executor:Executing jobs using 'parallel' executor
[0.412s] DEBUG:colcon.colcon_parallel_executor.executor.parallel:run_until_complete
[0.412s] INFO:colcon.colcon_ros.task.ament_python.build:Building ROS package in '/home/berliernj/AMP_MQTT/ros2_rcs/src/race_state_relay' with build type 'ament_python'
[0.413s] Level 1:colcon.colcon_core.shell:create_environment_hook('race_state_relay', 'ament_prefix_path')
[0.420s] INFO:colcon.colcon_core.plugin_system:Skipping extension 'colcon_core.shell.bat': Not used on non-Windows systems
[0.420s] INFO:colcon.colcon_core.shell:Creating environment hook '/home/berliernj/AMP_MQTT/ros2_rcs/src/race_state_relay/install/race_state_relay/share/race_state_relay/hook/ament_prefix_path.ps1'
[0.422s] INFO:colcon.colcon_core.shell:Creating environment descriptor '/home/berliernj/AMP_MQTT/ros2_rcs/src/race_state_relay/install/race_state_relay/share/race_state_relay/hook/ament_prefix_path.dsv'
[0.423s] INFO:colcon.colcon_core.shell:Creating environment hook '/home/berliernj/AMP_MQTT/ros2_rcs/src/race_state_relay/install/race_state_relay/share/race_state_relay/hook/ament_prefix_path.sh'
[0.429s] INFO:colcon.colcon_core.shell:Skip shell extension 'powershell' for command environment: Not usable outside of PowerShell
[0.429s] DEBUG:colcon.colcon_core.shell:Skip shell extension 'dsv' for command environment
[0.766s] INFO:colcon.colcon_core.task.python.build:Building Python package in '/home/berliernj/AMP_MQTT/ros2_rcs/src/race_state_relay'
[0.773s] INFO:colcon.colcon_core.shell:Skip shell extension 'powershell' for command environment: Not usable outside of PowerShell
[0.773s] DEBUG:colcon.colcon_core.shell:Skip shell extension 'dsv' for command environment
[1.339s] DEBUG:colcon.colcon_core.event_handler.log_command:Invoking command in '/home/berliernj/AMP_MQTT/ros2_rcs/src/race_state_relay': PYTHONPATH=/home/berliernj/AMP_MQTT/ros2_rcs/src/race_state_relay/build/race_state_relay/prefix_override:/home/berliernj/AMP_MQTT/ros2_rcs/src/race_state_relay/install/race_state_relay/lib/python3.8/site-packages:${PYTHONPATH} /usr/bin/python3 setup.py egg_info --egg-base build/race_state_relay build --build-base /home/berliernj/AMP_MQTT/ros2_rcs/src/race_state_relay/build/race_state_relay/build install --record /home/berliernj/AMP_MQTT/ros2_rcs/src/race_state_relay/build/race_state_relay/install.log --install-scripts $base/lib/race_state_relay --single-version-externally-managed
[1.755s] DEBUG:colcon.colcon_core.event_handler.log_command:Invoked command in '/home/berliernj/AMP_MQTT/ros2_rcs/src/race_state_relay' returned '0': PYTHONPATH=/home/berliernj/AMP_MQTT/ros2_rcs/src/race_state_relay/build/race_state_relay/prefix_override:/home/berliernj/AMP_MQTT/ros2_rcs/src/race_state_relay/install/race_state_relay/lib/python3.8/site-packages:${PYTHONPATH} /usr/bin/python3 setup.py egg_info --egg-base build/race_state_relay build --build-base /home/berliernj/AMP_MQTT/ros2_rcs/src/race_state_relay/build/race_state_relay/build install --record /home/berliernj/AMP_MQTT/ros2_rcs/src/race_state_relay/build/race_state_relay/install.log --install-scripts $base/lib/race_state_relay --single-version-externally-managed
[1.766s] Level 1:colcon.colcon_core.environment:checking '/home/berliernj/AMP_MQTT/ros2_rcs/src/race_state_relay/install/race_state_relay' for CMake module files
[1.766s] Level 1:colcon.colcon_core.environment:checking '/home/berliernj/AMP_MQTT/ros2_rcs/src/race_state_relay/install/race_state_relay' for CMake config files
[1.768s] Level 1:colcon.colcon_core.environment:checking '/home/berliernj/AMP_MQTT/ros2_rcs/src/race_state_relay/install/race_state_relay/lib'
[1.768s] Level 1:colcon.colcon_core.environment:checking '/home/berliernj/AMP_MQTT/ros2_rcs/src/race_state_relay/install/race_state_relay/bin'
[1.768s] Level 1:colcon.colcon_core.environment:checking '/home/berliernj/AMP_MQTT/ros2_rcs/src/race_state_relay/install/race_state_relay/lib/pkgconfig/race_state_relay.pc'
[1.768s] Level 1:colcon.colcon_core.environment:checking '/home/berliernj/AMP_MQTT/ros2_rcs/src/race_state_relay/install/race_state_relay/lib/python3.8/site-packages'
[1.768s] Level 1:colcon.colcon_core.shell:create_environment_hook('race_state_relay', 'pythonpath')
[1.771s] INFO:colcon.colcon_core.shell:Creating environment hook '/home/berliernj/AMP_MQTT/ros2_rcs/src/race_state_relay/install/race_state_relay/share/race_state_relay/hook/pythonpath.ps1'
[1.771s] INFO:colcon.colcon_core.shell:Creating environment descriptor '/home/berliernj/AMP_MQTT/ros2_rcs/src/race_state_relay/install/race_state_relay/share/race_state_relay/hook/pythonpath.dsv'
[1.772s] INFO:colcon.colcon_core.shell:Creating environment hook '/home/berliernj/AMP_MQTT/ros2_rcs/src/race_state_relay/install/race_state_relay/share/race_state_relay/hook/pythonpath.sh'
[1.773s] Level 1:colcon.colcon_core.environment:checking '/home/berliernj/AMP_MQTT/ros2_rcs/src/race_state_relay/install/race_state_relay/bin'
[1.773s] Level 1:colcon.colcon_core.environment:create_environment_scripts_only(race_state_relay)
[1.775s] INFO:colcon.colcon_core.shell:Creating package script '/home/berliernj/AMP_MQTT/ros2_rcs/src/race_state_relay/install/race_state_relay/share/race_state_relay/package.ps1'
[1.776s] INFO:colcon.colcon_core.shell:Creating package descriptor '/home/berliernj/AMP_MQTT/ros2_rcs/src/race_state_relay/install/race_state_relay/share/race_state_relay/package.dsv'
[1.777s] INFO:colcon.colcon_core.shell:Creating package script '/home/berliernj/AMP_MQTT/ros2_rcs/src/race_state_relay/install/race_state_relay/share/race_state_relay/package.sh'
[1.778s] INFO:colcon.colcon_core.shell:Creating package script '/home/berliernj/AMP_MQTT/ros2_rcs/src/race_state_relay/install/race_state_relay/share/race_state_relay/package.bash'
[1.779s] INFO:colcon.colcon_core.shell:Creating package script '/home/berliernj/AMP_MQTT/ros2_rcs/src/race_state_relay/install/race_state_relay/share/race_state_relay/package.zsh'
[1.780s] Level 1:colcon.colcon_core.environment:create_file_with_runtime_dependencies(/home/berliernj/AMP_MQTT/ros2_rcs/src/race_state_relay/install/race_state_relay/share/colcon-core/packages/race_state_relay)
[1.780s] DEBUG:colcon.colcon_parallel_executor.executor.parallel:closing loop
[1.781s] DEBUG:colcon.colcon_parallel_executor.executor.parallel:loop closed
[1.781s] DEBUG:colcon.colcon_parallel_executor.executor.parallel:run_until_complete finished with '0'
[1.781s] DEBUG:colcon.colcon_core.event_reactor:joining thread
[1.792s] INFO:colcon.colcon_core.plugin_system:Skipping extension 'colcon_notification.desktop_notification.terminal_notifier': Not used on non-Darwin systems
[1.792s] INFO:colcon.colcon_core.plugin_system:Skipping extension 'colcon_notification.desktop_notification.win32': Not used on non-Windows systems
[1.792s] INFO:colcon.colcon_notification.desktop_notification:Sending desktop notification using 'notify2'
[1.822s] DEBUG:colcon.colcon_core.event_reactor:joined thread
[1.824s] INFO:colcon.colcon_core.shell:Creating prefix script '/home/berliernj/AMP_MQTT/ros2_rcs/src/race_state_relay/install/local_setup.ps1'
[1.825s] INFO:colcon.colcon_core.shell:Creating prefix util module '/home/berliernj/AMP_MQTT/ros2_rcs/src/race_state_relay/install/_local_setup_util_ps1.py'
[1.829s] INFO:colcon.colcon_core.shell:Creating prefix chain script '/home/berliernj/AMP_MQTT/ros2_rcs/src/race_state_relay/install/setup.ps1'
[1.833s] INFO:colcon.colcon_core.shell:Creating prefix script '/home/berliernj/AMP_MQTT/ros2_rcs/src/race_state_relay/install/local_setup.sh'
[1.835s] INFO:colcon.colcon_core.shell:Creating prefix util module '/home/berliernj/AMP_MQTT/ros2_rcs/src/race_state_relay/install/_local_setup_util_sh.py'
[1.837s] INFO:colcon.colcon_core.shell:Creating prefix chain script '/home/berliernj/AMP_MQTT/ros2_rcs/src/race_state_relay/install/setup.sh'
[1.839s] INFO:colcon.colcon_core.shell:Creating prefix script '/home/berliernj/AMP_MQTT/ros2_rcs/src/race_state_relay/install/local_setup.bash'
[1.840s] INFO:colcon.colcon_core.shell:Creating prefix chain script '/home/berliernj/AMP_MQTT/ros2_rcs/src/race_state_relay/install/setup.bash'
[1.842s] INFO:colcon.colcon_core.shell:Creating prefix script '/home/berliernj/AMP_MQTT/ros2_rcs/src/race_state_relay/install/local_setup.zsh'
[1.843s] INFO:colcon.colcon_core.shell:Creating prefix chain script '/home/berliernj/AMP_MQTT/ros2_rcs/src/race_state_relay/install/setup.zsh'
